Loaded 23512 training labels from E:\Lab\TempoEstimation\Datasets\label\new210422\BTrain1107_train.tsv.
Loaded 500 validation labels from E:\Lab\TempoEstimation\Datasets\label\new210422\BTrain1107_valid.tsv.
Loaded features for 24012 files from ('E:\\Lab\\TempoEstimation\\Datasets\\feature\\feature1025\\BTrain1107.joblib',).

Taining...
Model params: 9778202
Epoch 1/1000 - time 167.8s - loss 4.9731 - accuracy 0.0223     
ACC0 5.00%  ACC1 52.20%  ACC2 63.80%  Best 52.20% ☆
Epoch 2/1000 - time 149.4s - loss 3.8200 - accuracy 0.0786     
ACC0 15.60%  ACC1 74.60%  ACC2 86.80%  Best 74.60% ☆
Epoch 3/1000 - time 148.3s - loss 3.3406 - accuracy 0.1174     
ACC0 21.80%  ACC1 75.80%  ACC2 93.20%  Best 75.80% ☆
Epoch 4/1000 - time 148.4s - loss 3.1267 - accuracy 0.1414     
ACC0 19.40%  ACC1 80.60%  ACC2 93.40%  Best 80.60% ☆
Epoch 5/1000 - time 148.9s - loss 3.0143 - accuracy 0.1546     
ACC0 28.40%  ACC1 83.00%  ACC2 96.20%  Best 83.00% ☆
Epoch 6/1000 - time 148.8s - loss 2.9049 - accuracy 0.1753     
ACC0 22.20%  ACC1 85.60%  ACC2 95.40%  Best 85.60% ☆
Epoch 7/1000 - time 148.6s - loss 2.7975 - accuracy 0.1901     
ACC0 25.00%  ACC1 87.60%  ACC2 94.20%  Best 87.60% ☆
Epoch 8/1000 - time 148.7s - loss 2.7242 - accuracy 0.2033     
ACC0 26.60%  ACC1 87.20%  ACC2 95.20%  Best 87.60% (7)
Epoch 9/1000 - time 148.8s - loss 2.6781 - accuracy 0.2100     
ACC0 35.60%  ACC1 87.80%  ACC2 96.20%  Best 87.80% ☆
Epoch 10/1000 - time 148.6s - loss 2.6300 - accuracy 0.2150     
ACC0 33.20%  ACC1 84.60%  ACC2 96.20%  Best 87.80% (9)
Epoch 11/1000 - time 148.6s - loss 2.5643 - accuracy 0.2281     
ACC0 40.80%  ACC1 88.80%  ACC2 95.60%  Best 88.80% ☆
Epoch 12/1000 - time 148.3s - loss 2.5165 - accuracy 0.2369     
ACC0 40.00%  ACC1 86.00%  ACC2 97.00%  Best 88.80% (11)
Epoch 13/1000 - time 146.2s - loss 2.4869 - accuracy 0.2463     
ACC0 37.40%  ACC1 86.80%  ACC2 96.40%  Best 88.80% (11)
Epoch 14/1000 - time 146.2s - loss 2.4484 - accuracy 0.2596     
ACC0 36.60%  ACC1 88.60%  ACC2 96.00%  Best 88.80% (11)
Epoch 15/1000 - time 146.1s - loss 2.3944 - accuracy 0.2670     
ACC0 37.80%  ACC1 88.60%  ACC2 96.20%  Best 88.80% (11)
Epoch 16/1000 - time 146.2s - loss 2.3950 - accuracy 0.2621     
ACC0 36.00%  ACC1 84.60%  ACC2 96.00%  Best 88.80% (11)
Epoch 17/1000 - time 146.2s - loss 2.3686 - accuracy 0.2654     
ACC0 38.80%  ACC1 89.60%  ACC2 96.20%  Best 89.60% ☆
Epoch 18/1000 - time 146.1s - loss 2.3377 - accuracy 0.2732     
ACC0 43.40%  ACC1 81.80%  ACC2 96.60%  Best 89.60% (17)
Epoch 19/1000 - time 146.3s - loss 2.3159 - accuracy 0.2778     
ACC0 28.00%  ACC1 87.20%  ACC2 96.40%  Best 89.60% (17)
Epoch 20/1000 - time 146.0s - loss 2.2926 - accuracy 0.2841     
ACC0 46.60%  ACC1 91.80%  ACC2 97.60%  Best 91.80% ☆
Epoch 21/1000 - time 146.2s - loss 2.2749 - accuracy 0.2894     
ACC0 47.20%  ACC1 90.40%  ACC2 97.00%  Best 91.80% (20)
Epoch 22/1000 - time 146.1s - loss 2.2591 - accuracy 0.2934     
ACC0 37.40%  ACC1 89.20%  ACC2 96.60%  Best 91.80% (20)
Epoch 23/1000 - time 146.2s - loss 2.2344 - accuracy 0.3036     
ACC0 47.20%  ACC1 88.40%  ACC2 97.00%  Best 91.80% (20)
Epoch 24/1000 - time 146.1s - loss 2.2333 - accuracy 0.2927     
ACC0 36.40%  ACC1 84.80%  ACC2 97.00%  Best 91.80% (20)
Epoch 25/1000 - time 146.3s - loss 2.1987 - accuracy 0.3087     
ACC0 43.40%  ACC1 91.80%  ACC2 97.20%  Best 91.80% ☆
Epoch 26/1000 - time 145.8s - loss 2.1912 - accuracy 0.3068     
ACC0 35.00%  ACC1 87.20%  ACC2 96.60%  Best 91.80% (25)
Epoch 27/1000 - time 145.6s - loss 2.1861 - accuracy 0.3077     
ACC0 41.00%  ACC1 90.00%  ACC2 97.40%  Best 91.80% (25)
Epoch 28/1000 - time 145.8s - loss 2.1552 - accuracy 0.3112     
ACC0 48.00%  ACC1 91.40%  ACC2 96.80%  Best 91.80% (25)
Epoch 29/1000 - time 145.6s - loss 2.1439 - accuracy 0.3169     
ACC0 45.40%  ACC1 91.60%  ACC2 97.00%  Best 91.80% (25)
Epoch 30/1000 - time 145.8s - loss 2.1279 - accuracy 0.3221     
ACC0 39.20%  ACC1 90.60%  ACC2 96.60%  Best 91.80% (25)
Epoch 31/1000 - time 145.6s - loss 2.1240 - accuracy 0.3179     
ACC0 50.80%  ACC1 90.20%  ACC2 96.80%  Best 91.80% (25)
Epoch 32/1000 - time 146.0s - loss 2.1135 - accuracy 0.3267     
ACC0 52.60%  ACC1 92.80%  ACC2 97.40%  Best 92.80% ☆
Epoch 33/1000 - time 145.8s - loss 2.0875 - accuracy 0.3301     
ACC0 51.40%  ACC1 92.00%  ACC2 97.00%  Best 92.80% (32)
Epoch 34/1000 - time 145.9s - loss 2.0791 - accuracy 0.3344     
ACC0 48.60%  ACC1 90.20%  ACC2 96.40%  Best 92.80% (32)
Epoch 35/1000 - time 146.3s - loss 2.0738 - accuracy 0.3372     
ACC0 47.60%  ACC1 91.80%  ACC2 97.40%  Best 92.80% (32)
Epoch 36/1000 - time 146.4s - loss 2.0563 - accuracy 0.3389     
ACC0 51.40%  ACC1 89.20%  ACC2 96.80%  Best 92.80% (32)
Epoch 37/1000 - time 146.2s - loss 2.0501 - accuracy 0.3376     
ACC0 51.20%  ACC1 93.00%  ACC2 97.60%  Best 93.00% ☆
Epoch 38/1000 - time 146.1s - loss 2.0652 - accuracy 0.3342     
ACC0 50.80%  ACC1 91.60%  ACC2 96.40%  Best 93.00% (37)
Epoch 39/1000 - time 146.2s - loss 2.0398 - accuracy 0.3427     
ACC0 52.40%  ACC1 91.00%  ACC2 97.40%  Best 93.00% (37)
Epoch 40/1000 - time 146.1s - loss 2.0422 - accuracy 0.3371     
ACC0 42.60%  ACC1 87.60%  ACC2 97.00%  Best 93.00% (37)
Epoch 41/1000 - time 146.2s - loss 2.0120 - accuracy 0.3458     
ACC0 49.80%  ACC1 92.20%  ACC2 97.40%  Best 93.00% (37)
Epoch 42/1000 - time 146.2s - loss 2.0071 - accuracy 0.3534     
ACC0 54.80%  ACC1 92.40%  ACC2 97.00%  Best 93.00% (37)
Epoch 43/1000 - time 146.2s - loss 2.0018 - accuracy 0.3449     
ACC0 47.60%  ACC1 89.80%  ACC2 97.00%  Best 93.00% (37)
Epoch 44/1000 - time 146.3s - loss 1.9915 - accuracy 0.3562     
ACC0 46.80%  ACC1 89.20%  ACC2 97.00%  Best 93.00% (37)
Epoch 45/1000 - time 146.1s - loss 1.9774 - accuracy 0.3472     
ACC0 58.40%  ACC1 92.40%  ACC2 97.60%  Best 93.00% (37)
Epoch 46/1000 - time 146.4s - loss 1.9848 - accuracy 0.3538     
ACC0 57.00%  ACC1 89.40%  ACC2 97.00%  Best 93.00% (37)
Epoch 47/1000 - time 146.2s - loss 1.9592 - accuracy 0.3596     
ACC0 57.00%  ACC1 91.00%  ACC2 96.60%  Best 93.00% (37)
Epoch 48/1000 - time 146.4s - loss 1.9643 - accuracy 0.3565     
ACC0 54.80%  ACC1 84.00%  ACC2 96.80%  Best 93.00% (37)
Epoch 49/1000 - time 146.2s - loss 1.9541 - accuracy 0.3574     
ACC0 57.60%  ACC1 91.40%  ACC2 97.20%  Best 93.00% (37)
Epoch 50/1000 - time 146.1s - loss 1.9424 - accuracy 0.3678     
ACC0 52.40%  ACC1 90.40%  ACC2 96.80%  Best 93.00% (37)
Epoch 51/1000 - time 146.2s - loss 1.9427 - accuracy 0.3614     
ACC0 53.00%  ACC1 91.00%  ACC2 97.20%  Best 93.00% (37)
Epoch 52/1000 - time 146.1s - loss 1.9365 - accuracy 0.3652     
ACC0 52.60%  ACC1 91.20%  ACC2 97.40%  Best 93.00% (37)
Epoch 53/1000 - time 146.2s - loss 1.9291 - accuracy 0.3643     
ACC0 55.20%  ACC1 90.20%  ACC2 96.80%  Best 93.00% (37)
Epoch 54/1000 - time 146.0s - loss 1.9229 - accuracy 0.3681     
ACC0 57.00%  ACC1 93.20%  ACC2 97.20%  Best 93.20% ☆
Epoch 55/1000 - time 146.0s - loss 1.9104 - accuracy 0.3662     
ACC0 53.20%  ACC1 90.80%  ACC2 97.20%  Best 93.20% (54)
Epoch 56/1000 - time 146.0s - loss 1.9013 - accuracy 0.3715     
ACC0 51.80%  ACC1 90.40%  ACC2 97.40%  Best 93.20% (54)
Epoch 57/1000 - time 145.8s - loss 1.8972 - accuracy 0.3736     
ACC0 55.80%  ACC1 92.60%  ACC2 97.00%  Best 93.20% (54)
Epoch 58/1000 - time 145.7s - loss 1.8854 - accuracy 0.3724     
ACC0 47.60%  ACC1 90.80%  ACC2 96.60%  Best 93.20% (54)
Epoch 59/1000 - time 145.6s - loss 1.8607 - accuracy 0.3797     
ACC0 60.60%  ACC1 91.80%  ACC2 97.40%  Best 93.20% (54)
Epoch 60/1000 - time 145.7s - loss 1.8781 - accuracy 0.3764     
ACC0 56.80%  ACC1 91.60%  ACC2 97.20%  Best 93.20% (54)
Epoch 61/1000 - time 145.6s - loss 1.8618 - accuracy 0.3816     
ACC0 59.60%  ACC1 92.20%  ACC2 97.20%  Best 93.20% (54)
Epoch 62/1000 - time 145.7s - loss 1.8565 - accuracy 0.3826     
ACC0 60.00%  ACC1 90.40%  ACC2 97.20%  Best 93.20% (54)
Epoch 63/1000 - time 145.7s - loss 1.8599 - accuracy 0.3817     
ACC0 62.00%  ACC1 90.60%  ACC2 97.20%  Best 93.20% (54)
Epoch 64/1000 - time 145.8s - loss 1.8615 - accuracy 0.3840     
ACC0 54.60%  ACC1 92.00%  ACC2 96.80%  Best 93.20% (54)
Epoch 65/1000 - time 145.7s - loss 1.8492 - accuracy 0.3771     
ACC0 53.40%  ACC1 91.80%  ACC2 97.20%  Best 93.20% (54)
Epoch 66/1000 - time 145.7s - loss 1.8326 - accuracy 0.3872     
ACC0 52.00%  ACC1 90.20%  ACC2 96.20%  Best 93.20% (54)
Epoch 67/1000 - time 145.8s - loss 1.8300 - accuracy 0.3944     
ACC0 56.80%  ACC1 92.00%  ACC2 97.40%  Best 93.20% (54)
Epoch 68/1000 - time 145.6s - loss 1.8368 - accuracy 0.3892     
ACC0 49.60%  ACC1 90.40%  ACC2 96.60%  Best 93.20% (54)
Epoch 69/1000 - time 145.8s - loss 1.8165 - accuracy 0.3882     
ACC0 53.00%  ACC1 88.60%  ACC2 96.40%  Best 93.20% (54)
Epoch 70/1000 - time 145.8s - loss 1.8154 - accuracy 0.3882     
ACC0 60.80%  ACC1 91.80%  ACC2 97.60%  Best 93.20% (54)
Epoch 71/1000 - time 145.8s - loss 1.8094 - accuracy 0.3959     
ACC0 60.20%  ACC1 92.00%  ACC2 97.80%  Best 93.20% (54)
Epoch 72/1000 - time 145.6s - loss 1.8057 - accuracy 0.3916     
ACC0 45.00%  ACC1 90.80%  ACC2 97.40%  Best 93.20% (54)
Epoch 73/1000 - time 145.7s - loss 1.8036 - accuracy 0.3927     
ACC0 61.60%  ACC1 92.40%  ACC2 96.60%  Best 93.20% (54)
Epoch 74/1000 - time 145.7s - loss 1.8002 - accuracy 0.3959     
ACC0 54.20%  ACC1 92.40%  ACC2 97.60%  Best 93.20% (54)
Epoch 75/1000 - time 145.6s - loss 1.7911 - accuracy 0.3982     
ACC0 59.00%  ACC1 90.80%  ACC2 96.60%  Best 93.20% (54)
Epoch 76/1000 - time 146.3s - loss 1.7878 - accuracy 0.3971     
ACC0 66.20%  ACC1 90.40%  ACC2 97.20%  Best 93.20% (54)
Epoch 77/1000 - time 146.1s - loss 1.7781 - accuracy 0.4011     
ACC0 62.20%  ACC1 90.40%  ACC2 97.00%  Best 93.20% (54)
Epoch 78/1000 - time 146.3s - loss 1.7703 - accuracy 0.3999     
ACC0 61.40%  ACC1 90.00%  ACC2 97.00%  Best 93.20% (54)
Epoch 79/1000 - time 145.9s - loss 1.7560 - accuracy 0.4092     
ACC0 56.20%  ACC1 90.40%  ACC2 97.00%  Best 93.20% (54)
Epoch 80/1000 - time 146.2s - loss 1.7715 - accuracy 0.4020     
ACC0 59.80%  ACC1 92.60%  ACC2 96.80%  Best 93.20% (54)
Epoch 81/1000 - time 146.2s - loss 1.7621 - accuracy 0.4096     
ACC0 66.60%  ACC1 92.60%  ACC2 97.20%  Best 93.20% (54)
Epoch 82/1000 - time 146.1s - loss 1.7683 - accuracy 0.4037     
ACC0 54.60%  ACC1 92.20%  ACC2 97.20%  Best 93.20% (54)
Epoch 83/1000 - time 146.3s - loss 1.7346 - accuracy 0.4151     
ACC0 59.40%  ACC1 93.40%  ACC2 97.40%  Best 93.40% ☆
Epoch 84/1000 - time 146.1s - loss 1.7539 - accuracy 0.3993     
ACC0 63.00%  ACC1 89.20%  ACC2 97.40%  Best 93.40% (83)
Epoch 85/1000 - time 146.3s - loss 1.7351 - accuracy 0.4085     
ACC0 52.80%  ACC1 92.00%  ACC2 97.80%  Best 93.40% (83)
Epoch 86/1000 - time 146.2s - loss 1.7444 - accuracy 0.4084     
ACC0 64.60%  ACC1 88.60%  ACC2 96.80%  Best 93.40% (83)
Epoch 87/1000 - time 146.2s - loss 1.7363 - accuracy 0.4094     
ACC0 61.00%  ACC1 92.40%  ACC2 97.40%  Best 93.40% (83)
Epoch 88/1000 - time 146.2s - loss 1.7360 - accuracy 0.4129     
ACC0 54.60%  ACC1 89.80%  ACC2 96.60%  Best 93.40% (83)
Epoch 89/1000 - time 146.2s - loss 1.7099 - accuracy 0.4155     
ACC0 55.40%  ACC1 88.80%  ACC2 97.40%  Best 93.40% (83)
Epoch 90/1000 - time 146.3s - loss 1.7279 - accuracy 0.4157     
ACC0 56.20%  ACC1 91.00%  ACC2 96.00%  Best 93.40% (83)
Epoch 91/1000 - time 146.1s - loss 1.7137 - accuracy 0.4089     
ACC0 52.80%  ACC1 90.00%  ACC2 97.60%  Best 93.40% (83)
Epoch 92/1000 - time 146.3s - loss 1.7210 - accuracy 0.4111     
ACC0 62.40%  ACC1 92.20%  ACC2 97.00%  Best 93.40% (83)
Epoch 93/1000 - time 146.1s - loss 1.6886 - accuracy 0.4208     
ACC0 56.60%  ACC1 90.20%  ACC2 96.80%  Best 93.40% (83)
Epoch 94/1000 - time 146.3s - loss 1.7092 - accuracy 0.4179     
ACC0 67.00%  ACC1 90.60%  ACC2 97.20%  Best 93.40% (83)
Epoch 95/1000 - time 146.2s - loss 1.6960 - accuracy 0.4203     
ACC0 48.40%  ACC1 91.00%  ACC2 97.20%  Best 93.40% (83)
Epoch 96/1000 - time 146.1s - loss 1.7004 - accuracy 0.4193     
ACC0 65.60%  ACC1 93.40%  ACC2 97.40%  Best 93.40% ☆
Epoch 97/1000 - time 145.8s - loss 1.6803 - accuracy 0.4238     
ACC0 64.00%  ACC1 93.40%  ACC2 97.80%  Best 93.40% ☆
Epoch 98/1000 - time 145.7s - loss 1.6950 - accuracy 0.4177     
ACC0 62.00%  ACC1 93.00%  ACC2 96.80%  Best 93.40% (97)
Epoch 99/1000 - time 145.6s - loss 1.6896 - accuracy 0.4174     
ACC0 62.40%  ACC1 92.40%  ACC2 97.00%  Best 93.40% (97)
Epoch 100/1000 - time 145.7s - loss 1.6723 - accuracy 0.4259     
ACC0 62.40%  ACC1 89.80%  ACC2 97.20%  Best 93.40% (97)
Epoch 101/1000 - time 145.8s - loss 1.6657 - accuracy 0.4243     
ACC0 64.80%  ACC1 92.00%  ACC2 97.40%  Best 93.40% (97)
Epoch 102/1000 - time 145.6s - loss 1.6781 - accuracy 0.4188     
ACC0 60.80%  ACC1 90.40%  ACC2 96.80%  Best 93.40% (97)
Epoch 103/1000 - time 145.8s - loss 1.6628 - accuracy 0.4304     
ACC0 66.80%  ACC1 93.00%  ACC2 97.00%  Best 93.40% (97)
Epoch 104/1000 - time 145.7s - loss 1.6489 - accuracy 0.4256     
ACC0 59.20%  ACC1 92.80%  ACC2 96.60%  Best 93.40% (97)
Epoch 105/1000 - time 145.7s - loss 1.6544 - accuracy 0.4294     
ACC0 56.40%  ACC1 90.00%  ACC2 97.60%  Best 93.40% (97)
Epoch 106/1000 - time 145.7s - loss 1.6668 - accuracy 0.4270     
ACC0 62.80%  ACC1 93.20%  ACC2 97.20%  Best 93.40% (97)
Epoch 107/1000 - time 145.7s - loss 1.6622 - accuracy 0.4290     
ACC0 63.80%  ACC1 93.60%  ACC2 97.40%  Best 93.60% ☆
Epoch 108/1000 - time 145.8s - loss 1.6364 - accuracy 0.4241     
ACC0 56.60%  ACC1 92.40%  ACC2 97.40%  Best 93.60% (107)
Epoch 109/1000 - time 146.0s - loss 1.6547 - accuracy 0.4282     
ACC0 51.40%  ACC1 91.80%  ACC2 97.00%  Best 93.60% (107)
Epoch 110/1000 - time 145.7s - loss 1.6338 - accuracy 0.4332     
ACC0 62.20%  ACC1 92.20%  ACC2 96.80%  Best 93.60% (107)
Epoch 111/1000 - time 145.7s - loss 1.6548 - accuracy 0.4253     
ACC0 53.60%  ACC1 92.40%  ACC2 97.40%  Best 93.60% (107)
Epoch 112/1000 - time 145.6s - loss 1.6171 - accuracy 0.4373     
ACC0 62.00%  ACC1 92.00%  ACC2 96.80%  Best 93.60% (107)
Epoch 113/1000 - time 145.7s - loss 1.6436 - accuracy 0.4371     
ACC0 58.80%  ACC1 93.00%  ACC2 96.80%  Best 93.60% (107)
Epoch 114/1000 - time 145.6s - loss 1.6150 - accuracy 0.4351     
ACC0 61.80%  ACC1 92.60%  ACC2 97.60%  Best 93.60% (107)
Epoch 115/1000 - time 145.7s - loss 1.6119 - accuracy 0.4364     
ACC0 58.40%  ACC1 89.60%  ACC2 96.80%  Best 93.60% (107)
Epoch 116/1000 - time 145.6s - loss 1.6323 - accuracy 0.4362     
ACC0 62.80%  ACC1 93.00%  ACC2 96.60%  Best 93.60% (107)
Epoch 117/1000 - time 146.2s - loss 1.5963 - accuracy 0.4394     
ACC0 58.60%  ACC1 92.40%  ACC2 96.80%  Best 93.60% (107)
Epoch 118/1000 - time 146.1s - loss 1.6106 - accuracy 0.4339     
ACC0 62.60%  ACC1 93.20%  ACC2 96.60%  Best 93.60% (107)
Epoch 119/1000 - time 146.3s - loss 1.6179 - accuracy 0.4355     
ACC0 64.20%  ACC1 92.20%  ACC2 96.80%  Best 93.60% (107)
Epoch 120/1000 - time 146.2s - loss 1.6045 - accuracy 0.4386     
ACC0 56.80%  ACC1 92.40%  ACC2 97.80%  Best 93.60% (107)
Epoch 121/1000 - time 146.3s - loss 1.5992 - accuracy 0.4398     
ACC0 57.40%  ACC1 92.00%  ACC2 97.80%  Best 93.60% (107)
Epoch 122/1000 - time 146.1s - loss 1.6118 - accuracy 0.4405     
ACC0 63.00%  ACC1 93.40%  ACC2 97.40%  Best 93.60% (107)
Epoch 123/1000 - time 146.0s - loss 1.5913 - accuracy 0.4431     
ACC0 56.40%  ACC1 93.40%  ACC2 97.60%  Best 93.60% (107)
Epoch 124/1000 - time 146.2s - loss 1.5876 - accuracy 0.4404     
ACC0 59.80%  ACC1 91.20%  ACC2 97.00%  Best 93.60% (107)
Epoch 125/1000 - time 146.1s - loss 1.5924 - accuracy 0.4431     
ACC0 56.80%  ACC1 91.40%  ACC2 97.60%  Best 93.60% (107)
Epoch 126/1000 - time 146.1s - loss 1.5927 - accuracy 0.4452     
ACC0 65.80%  ACC1 92.60%  ACC2 97.60%  Best 93.60% (107)
Epoch 127/1000 - time 146.3s - loss 1.5915 - accuracy 0.4432     
ACC0 51.20%  ACC1 93.40%  ACC2 97.40%  Best 93.60% (107)
Epoch 128/1000 - time 146.3s - loss 1.5919 - accuracy 0.4475     
ACC0 69.00%  ACC1 92.00%  ACC2 97.00%  Best 93.60% (107)
Epoch 129/1000 - time 146.1s - loss 1.5782 - accuracy 0.4479     
ACC0 52.80%  ACC1 92.20%  ACC2 97.40%  Best 93.60% (107)
Epoch 130/1000 - time 146.1s - loss 1.5825 - accuracy 0.4441     
ACC0 59.00%  ACC1 94.80%  ACC2 98.00%  Best 94.80% ☆
Epoch 131/1000 - time 146.3s - loss 1.5606 - accuracy 0.4517     
ACC0 63.80%  ACC1 92.40%  ACC2 97.40%  Best 94.80% (130)
Epoch 132/1000 - time 146.1s - loss 1.5648 - accuracy 0.4472     
ACC0 61.20%  ACC1 92.40%  ACC2 97.40%  Best 94.80% (130)
Epoch 133/1000 - time 146.1s - loss 1.5725 - accuracy 0.4482     
ACC0 59.80%  ACC1 91.80%  ACC2 97.00%  Best 94.80% (130)
Epoch 134/1000 - time 146.1s - loss 1.5585 - accuracy 0.4551     
ACC0 63.20%  ACC1 93.20%  ACC2 97.00%  Best 94.80% (130)
Epoch 135/1000 - time 146.2s - loss 1.5749 - accuracy 0.4461     
ACC0 60.20%  ACC1 92.80%  ACC2 97.00%  Best 94.80% (130)
Epoch 136/1000 - time 146.2s - loss 1.5488 - accuracy 0.4504     
ACC0 59.00%  ACC1 92.40%  ACC2 97.00%  Best 94.80% (130)
Epoch 137/1000 - time 146.1s - loss 1.5492 - accuracy 0.4534     
ACC0 59.20%  ACC1 92.20%  ACC2 97.40%  Best 94.80% (130)
Epoch 138/1000 - time 145.7s - loss 1.5546 - accuracy 0.4496     
ACC0 58.80%  ACC1 93.80%  ACC2 97.40%  Best 94.80% (130)
Epoch 139/1000 - time 145.8s - loss 1.5455 - accuracy 0.4539     
ACC0 61.80%  ACC1 93.80%  ACC2 97.20%  Best 94.80% (130)
Epoch 140/1000 - time 145.6s - loss 1.5414 - accuracy 0.4546     
ACC0 57.20%  ACC1 93.20%  ACC2 97.40%  Best 94.80% (130)
Epoch 141/1000 - time 145.6s - loss 1.5437 - accuracy 0.4552     
ACC0 61.80%  ACC1 92.80%  ACC2 97.00%  Best 94.80% (130)
Epoch 142/1000 - time 145.7s - loss 1.5133 - accuracy 0.4596     
ACC0 56.00%  ACC1 92.60%  ACC2 97.20%  Best 94.80% (130)
Epoch 143/1000 - time 145.7s - loss 1.5337 - accuracy 0.4538     
ACC0 57.80%  ACC1 93.00%  ACC2 96.80%  Best 94.80% (130)
Epoch 144/1000 - time 145.7s - loss 1.5418 - accuracy 0.4562     
ACC0 50.40%  ACC1 91.80%  ACC2 96.60%  Best 94.80% (130)
Epoch 145/1000 - time 145.7s - loss 1.5172 - accuracy 0.4620     
ACC0 59.40%  ACC1 93.40%  ACC2 97.20%  Best 94.80% (130)
Epoch 146/1000 - time 145.7s - loss 1.5319 - accuracy 0.4573     
ACC0 63.20%  ACC1 93.20%  ACC2 97.60%  Best 94.80% (130)
Epoch 147/1000 - time 145.7s - loss 1.5328 - accuracy 0.4574     
ACC0 65.40%  ACC1 92.40%  ACC2 98.20%  Best 94.80% (130)
Epoch 148/1000 - time 145.6s - loss 1.5004 - accuracy 0.4644     
ACC0 62.60%  ACC1 92.60%  ACC2 97.60%  Best 94.80% (130)
Epoch 149/1000 - time 145.6s - loss 1.5138 - accuracy 0.4546     
ACC0 62.00%  ACC1 94.00%  ACC2 97.60%  Best 94.80% (130)
Epoch 150/1000 - time 145.7s - loss 1.5261 - accuracy 0.4552     
ACC0 57.60%  ACC1 91.00%  ACC2 96.60%  Best 94.80% (130)
Epoch 151/1000 - time 145.7s - loss 1.5166 - accuracy 0.4607     
ACC0 56.80%  ACC1 90.80%  ACC2 97.40%  Best 94.80% (130)
Epoch 152/1000 - time 145.9s - loss 1.5118 - accuracy 0.4636     
ACC0 56.20%  ACC1 92.20%  ACC2 97.40%  Best 94.80% (130)
Epoch 153/1000 - time 145.8s - loss 1.5055 - accuracy 0.4645     
ACC0 62.20%  ACC1 92.40%  ACC2 97.20%  Best 94.80% (130)
Epoch 154/1000 - time 145.7s - loss 1.5035 - accuracy 0.4643     
ACC0 67.80%  ACC1 92.60%  ACC2 96.20%  Best 94.80% (130)
Epoch 155/1000 - time 145.7s - loss 1.5039 - accuracy 0.4612     
ACC0 68.40%  ACC1 92.20%  ACC2 97.60%  Best 94.80% (130)
Epoch 156/1000 - time 145.6s - loss 1.4957 - accuracy 0.4652     
ACC0 57.40%  ACC1 93.40%  ACC2 96.80%  Best 94.80% (130)
Epoch 157/1000 - time 145.7s - loss 1.4825 - accuracy 0.4581     
ACC0 57.80%  ACC1 91.40%  ACC2 97.00%  Best 94.80% (130)
Epoch 158/1000 - time 145.9s - loss 1.4980 - accuracy 0.4666     
ACC0 60.00%  ACC1 94.20%  ACC2 97.60%  Best 94.80% (130)
Epoch 159/1000 - time 146.1s - loss 1.4953 - accuracy 0.4687     
ACC0 55.60%  ACC1 90.40%  ACC2 97.40%  Best 94.80% (130)
Epoch 160/1000 - time 146.4s - loss 1.4832 - accuracy 0.4679     
ACC0 64.40%  ACC1 93.00%  ACC2 97.80%  Best 94.80% (130)
Epoch 161/1000 - time 146.3s - loss 1.4697 - accuracy 0.4737     
ACC0 60.60%  ACC1 93.40%  ACC2 97.60%  Best 94.80% (130)
Epoch 162/1000 - time 146.2s - loss 1.4829 - accuracy 0.4677     
ACC0 59.40%  ACC1 94.20%  ACC2 97.00%  Best 94.80% (130)
Epoch 163/1000 - time 146.2s - loss 1.4867 - accuracy 0.4639     
ACC0 66.80%  ACC1 92.00%  ACC2 97.00%  Best 94.80% (130)
Epoch 164/1000 - time 146.0s - loss 1.4938 - accuracy 0.4696     
ACC0 66.40%  ACC1 93.20%  ACC2 96.80%  Best 94.80% (130)
Epoch 165/1000 - time 146.1s - loss 1.4912 - accuracy 0.4670     
ACC0 67.20%  ACC1 92.80%  ACC2 97.20%  Best 94.80% (130)
Epoch 166/1000 - time 146.2s - loss 1.4770 - accuracy 0.4697     
ACC0 52.60%  ACC1 93.40%  ACC2 97.20%  Best 94.80% (130)
Epoch 167/1000 - time 146.2s - loss 1.4637 - accuracy 0.4761     
ACC0 61.20%  ACC1 93.60%  ACC2 97.60%  Best 94.80% (130)
Epoch 168/1000 - time 146.3s - loss 1.4691 - accuracy 0.4720     
ACC0 60.00%  ACC1 93.60%  ACC2 96.80%  Best 94.80% (130)
Epoch 169/1000 - time 146.1s - loss 1.4667 - accuracy 0.4761     
ACC0 62.20%  ACC1 93.00%  ACC2 97.20%  Best 94.80% (130)
Epoch 170/1000 - time 146.2s - loss 1.4463 - accuracy 0.4777     
ACC0 60.40%  ACC1 94.20%  ACC2 97.60%  Best 94.80% (130)
Epoch 171/1000 - time 146.2s - loss 1.4712 - accuracy 0.4732     
ACC0 60.40%  ACC1 94.00%  ACC2 97.40%  Best 94.80% (130)
Epoch 172/1000 - time 146.3s - loss 1.4624 - accuracy 0.4736     
ACC0 63.80%  ACC1 91.80%  ACC2 97.00%  Best 94.80% (130)
Epoch 173/1000 - time 146.1s - loss 1.4572 - accuracy 0.4770     
ACC0 63.20%  ACC1 92.80%  ACC2 97.40%  Best 94.80% (130)
Epoch 174/1000 - time 146.2s - loss 1.4424 - accuracy 0.4722     
ACC0 60.80%  ACC1 91.60%  ACC2 97.00%  Best 94.80% (130)
Epoch 175/1000 - time 146.2s - loss 1.4613 - accuracy 0.4732     
ACC0 64.20%  ACC1 94.00%  ACC2 97.20%  Best 94.80% (130)
Epoch 176/1000 - time 146.3s - loss 1.4481 - accuracy 0.4744     
ACC0 62.20%  ACC1 93.60%  ACC2 97.40%  Best 94.80% (130)
Epoch 177/1000 - time 146.1s - loss 1.4281 - accuracy 0.4815     
ACC0 66.00%  ACC1 91.80%  ACC2 97.40%  Best 94.80% (130)
Epoch 178/1000 - time 146.0s - loss 1.4485 - accuracy 0.4750     
ACC0 69.80%  ACC1 93.40%  ACC2 97.80%  Best 94.80% (130)
Epoch 179/1000 - time 145.8s - loss 1.4365 - accuracy 0.4804     
ACC0 66.60%  ACC1 93.40%  ACC2 97.80%  Best 94.80% (130)
Epoch 180/1000 - time 146.0s - loss 1.4455 - accuracy 0.4797     
ACC0 68.60%  ACC1 92.80%  ACC2 97.80%  Best 94.80% (130)
Epoch 181/1000 - time 145.8s - loss 1.4388 - accuracy 0.4752     
ACC0 70.20%  ACC1 94.20%  ACC2 97.40%  Best 94.80% (130)
Epoch 182/1000 - time 145.6s - loss 1.4333 - accuracy 0.4810     
ACC0 56.40%  ACC1 93.20%  ACC2 97.20%  Best 94.80% (130)
Epoch 183/1000 - time 145.7s - loss 1.4327 - accuracy 0.4839     
ACC0 64.60%  ACC1 92.20%  ACC2 97.60%  Best 94.80% (130)
Epoch 184/1000 - time 145.7s - loss 1.4229 - accuracy 0.4794     
ACC0 69.40%  ACC1 92.60%  ACC2 97.60%  Best 94.80% (130)
Epoch 185/1000 - time 145.8s - loss 1.4293 - accuracy 0.4847     
ACC0 64.40%  ACC1 90.40%  ACC2 96.60%  Best 94.80% (130)
Epoch 186/1000 - time 145.8s - loss 1.4149 - accuracy 0.4905     
ACC0 65.00%  ACC1 93.00%  ACC2 97.40%  Best 94.80% (130)
Epoch 187/1000 - time 145.7s - loss 1.4115 - accuracy 0.4846     
ACC0 64.60%  ACC1 91.60%  ACC2 96.60%  Best 94.80% (130)
Epoch 188/1000 - time 145.8s - loss 1.4403 - accuracy 0.4809     
ACC0 68.00%  ACC1 92.80%  ACC2 97.40%  Best 94.80% (130)
Epoch 189/1000 - time 145.8s - loss 1.4063 - accuracy 0.4954     
ACC0 59.00%  ACC1 90.80%  ACC2 97.40%  Best 94.80% (130)
Epoch 190/1000 - time 145.9s - loss 1.4170 - accuracy 0.4866     
ACC0 61.80%  ACC1 93.80%  ACC2 97.00%  Best 94.80% (130)
Epoch 191/1000 - time 145.9s - loss 1.4222 - accuracy 0.4846     
ACC0 59.20%  ACC1 94.00%  ACC2 98.00%  Best 94.80% (130)
Epoch 192/1000 - time 145.8s - loss 1.3995 - accuracy 0.4934     
ACC0 59.00%  ACC1 90.80%  ACC2 97.60%  Best 94.80% (130)
Epoch 193/1000 - time 145.7s - loss 1.4188 - accuracy 0.4824     
ACC0 65.60%  ACC1 94.20%  ACC2 97.40%  Best 94.80% (130)
Epoch 194/1000 - time 145.7s - loss 1.3939 - accuracy 0.4889     
ACC0 61.20%  ACC1 93.80%  ACC2 97.60%  Best 94.80% (130)
Epoch 195/1000 - time 145.7s - loss 1.4044 - accuracy 0.4941     
ACC0 60.60%  ACC1 93.20%  ACC2 97.40%  Best 94.80% (130)
Epoch 196/1000 - time 145.8s - loss 1.4105 - accuracy 0.4952     
ACC0 59.20%  ACC1 95.00%  ACC2 97.60%  Best 95.00% ☆
Epoch 197/1000 - time 145.7s - loss 1.3966 - accuracy 0.4931     
ACC0 59.40%  ACC1 92.80%  ACC2 97.20%  Best 95.00% (196)
Epoch 198/1000 - time 145.6s - loss 1.4115 - accuracy 0.4864     
ACC0 54.40%  ACC1 95.20%  ACC2 97.20%  Best 95.20% ☆
Epoch 199/1000 - time 145.8s - loss 1.3942 - accuracy 0.4906     
ACC0 60.60%  ACC1 92.40%  ACC2 97.20%  Best 95.20% (198)
Epoch 200/1000 - time 146.2s - loss 1.4034 - accuracy 0.4936     
ACC0 66.20%  ACC1 93.60%  ACC2 96.80%  Best 95.20% (198)
Epoch 201/1000 - time 146.2s - loss 1.3961 - accuracy 0.4911     
ACC0 66.40%  ACC1 92.40%  ACC2 97.40%  Best 95.20% (198)
Epoch 202/1000 - time 146.1s - loss 1.3952 - accuracy 0.4957     
ACC0 68.60%  ACC1 94.60%  ACC2 97.20%  Best 95.20% (198)
Epoch 203/1000 - time 146.1s - loss 1.3849 - accuracy 0.4936     
ACC0 67.00%  ACC1 93.80%  ACC2 97.80%  Best 95.20% (198)
Epoch 204/1000 - time 146.0s - loss 1.3880 - accuracy 0.4959     
ACC0 63.20%  ACC1 94.60%  ACC2 97.00%  Best 95.20% (198)
Epoch 205/1000 - time 146.2s - loss 1.3742 - accuracy 0.4982     
ACC0 58.80%  ACC1 94.40%  ACC2 97.20%  Best 95.20% (198)
Epoch 206/1000 - time 146.1s - loss 1.3827 - accuracy 0.4926     
ACC0 65.00%  ACC1 92.80%  ACC2 96.80%  Best 95.20% (198)
Epoch 207/1000 - time 146.3s - loss 1.3796 - accuracy 0.4962     
ACC0 65.80%  ACC1 93.00%  ACC2 97.40%  Best 95.20% (198)
Epoch 208/1000 - time 146.2s - loss 1.3776 - accuracy 0.4935     
ACC0 59.20%  ACC1 93.00%  ACC2 97.20%  Best 95.20% (198)
Epoch 209/1000 - time 146.2s - loss 1.3787 - accuracy 0.5020     
ACC0 59.40%  ACC1 93.80%  ACC2 96.60%  Best 95.20% (198)
Epoch 210/1000 - time 146.0s - loss 1.3564 - accuracy 0.5059     
ACC0 66.60%  ACC1 93.80%  ACC2 97.00%  Best 95.20% (198)
Epoch 211/1000 - time 146.3s - loss 1.3618 - accuracy 0.4971     
ACC0 65.60%  ACC1 93.60%  ACC2 97.60%  Best 95.20% (198)
Epoch 212/1000 - time 146.1s - loss 1.3676 - accuracy 0.5030     
ACC0 62.00%  ACC1 92.40%  ACC2 97.20%  Best 95.20% (198)
Epoch 213/1000 - time 146.0s - loss 1.3658 - accuracy 0.4996     
ACC0 59.80%  ACC1 94.40%  ACC2 97.40%  Best 95.20% (198)
Epoch 214/1000 - time 146.1s - loss 1.3619 - accuracy 0.4969     
ACC0 66.80%  ACC1 94.60%  ACC2 97.20%  Best 95.20% (198)
Epoch 215/1000 - time 146.1s - loss 1.3738 - accuracy 0.4987     
ACC0 59.20%  ACC1 93.20%  ACC2 97.40%  Best 95.20% (198)
Epoch 216/1000 - time 146.0s - loss 1.3566 - accuracy 0.5012     
ACC0 58.00%  ACC1 93.60%  ACC2 97.00%  Best 95.20% (198)
Epoch 217/1000 - time 146.1s - loss 1.3538 - accuracy 0.5042     
ACC0 66.00%  ACC1 94.20%  ACC2 97.40%  Best 95.20% (198)
Epoch 218/1000 - time 146.0s - loss 1.3605 - accuracy 0.5057     
ACC0 61.20%  ACC1 93.40%  ACC2 97.20%  Best 95.20% (198)
Epoch 219/1000 - time 146.0s - loss 1.3496 - accuracy 0.5056     
ACC0 62.00%  ACC1 93.00%  ACC2 96.80%  Best 95.20% (198)
Epoch 220/1000 - time 145.6s - loss 1.3455 - accuracy 0.5058     
ACC0 64.00%  ACC1 93.60%  ACC2 97.00%  Best 95.20% (198)
Epoch 221/1000 - time 145.7s - loss 1.3664 - accuracy 0.5003     
ACC0 60.20%  ACC1 93.40%  ACC2 97.00%  Best 95.20% (198)
Epoch 222/1000 - time 145.6s - loss 1.3401 - accuracy 0.5099     
ACC0 65.80%  ACC1 93.80%  ACC2 97.00%  Best 95.20% (198)
Epoch 223/1000 - time 145.5s - loss 1.3569 - accuracy 0.5039     
ACC0 70.60%  ACC1 94.80%  ACC2 97.60%  Best 95.20% (198)
Epoch 224/1000 - time 145.7s - loss 1.3430 - accuracy 0.5087     
ACC0 69.40%  ACC1 95.00%  ACC2 97.60%  Best 95.20% (198)
Epoch 225/1000 - time 145.6s - loss 1.3281 - accuracy 0.5087     
ACC0 63.60%  ACC1 94.00%  ACC2 98.00%  Best 95.20% (198)
Epoch 226/1000 - time 145.6s - loss 1.3253 - accuracy 0.5154     
ACC0 55.80%  ACC1 93.20%  ACC2 97.20%  Best 95.20% (198)
Epoch 227/1000 - time 145.6s - loss 1.3282 - accuracy 0.5138     
ACC0 65.80%  ACC1 94.20%  ACC2 97.20%  Best 95.20% (198)
Epoch 228/1000 - time 145.6s - loss 1.3441 - accuracy 0.5074     
ACC0 66.20%  ACC1 93.20%  ACC2 97.20%  Best 95.20% (198)
Epoch 229/1000 - time 145.6s - loss 1.3393 - accuracy 0.5106     
ACC0 66.20%  ACC1 93.80%  ACC2 97.40%  Best 95.20% (198)
Epoch 230/1000 - time 145.6s - loss 1.3362 - accuracy 0.5038     
ACC0 67.80%  ACC1 92.20%  ACC2 97.60%  Best 95.20% (198)
Epoch 231/1000 - time 145.7s - loss 1.3380 - accuracy 0.5106     
ACC0 64.20%  ACC1 94.20%  ACC2 97.60%  Best 95.20% (198)
Epoch 232/1000 - time 145.6s - loss 1.3098 - accuracy 0.5066     
ACC0 61.60%  ACC1 94.00%  ACC2 97.40%  Best 95.20% (198)
Epoch 233/1000 - time 145.7s - loss 1.3280 - accuracy 0.5114     
ACC0 61.80%  ACC1 92.80%  ACC2 97.60%  Best 95.20% (198)
Epoch 234/1000 - time 145.6s - loss 1.3309 - accuracy 0.5076     
ACC0 63.00%  ACC1 93.00%  ACC2 97.00%  Best 95.20% (198)
Epoch 235/1000 - time 145.6s - loss 1.3297 - accuracy 0.5102     
ACC0 66.40%  ACC1 93.00%  ACC2 97.40%  Best 95.20% (198)
Epoch 236/1000 - time 145.6s - loss 1.3175 - accuracy 0.5162     
ACC0 67.40%  ACC1 92.40%  ACC2 97.20%  Best 95.20% (198)
Epoch 237/1000 - time 145.6s - loss 1.3237 - accuracy 0.5121     
ACC0 67.20%  ACC1 94.60%  ACC2 98.00%  Best 95.20% (198)
Epoch 238/1000 - time 145.6s - loss 1.3132 - accuracy 0.5167     
ACC0 67.40%  ACC1 92.20%  ACC2 97.20%  Best 95.20% (198)
Epoch 239/1000 - time 145.6s - loss 1.3199 - accuracy 0.5144     
ACC0 66.40%  ACC1 93.40%  ACC2 96.80%  Best 95.20% (198)
Epoch 240/1000 - time 145.7s - loss 1.3039 - accuracy 0.5167     
ACC0 65.40%  ACC1 95.00%  ACC2 97.40%  Best 95.20% (198)
Epoch 241/1000 - time 146.0s - loss 1.3022 - accuracy 0.5176     
ACC0 68.20%  ACC1 94.40%  ACC2 97.80%  Best 95.20% (198)
Epoch 242/1000 - time 146.2s - loss 1.3089 - accuracy 0.5160     
ACC0 57.60%  ACC1 92.80%  ACC2 97.00%  Best 95.20% (198)
Epoch 243/1000 - time 146.2s - loss 1.3019 - accuracy 0.5163     
ACC0 63.00%  ACC1 93.80%  ACC2 97.60%  Best 95.20% (198)
Epoch 244/1000 - time 146.0s - loss 1.3057 - accuracy 0.5194     
ACC0 59.40%  ACC1 93.60%  ACC2 97.40%  Best 95.20% (198)
Epoch 245/1000 - time 146.1s - loss 1.3219 - accuracy 0.5089     
ACC0 56.60%  ACC1 93.20%  ACC2 97.60%  Best 95.20% (198)
Epoch 246/1000 - time 146.1s - loss 1.2952 - accuracy 0.5237     
ACC0 64.60%  ACC1 93.80%  ACC2 97.80%  Best 95.20% (198)
Epoch 247/1000 - time 146.0s - loss 1.3021 - accuracy 0.5190     
ACC0 65.60%  ACC1 92.60%  ACC2 97.00%  Best 95.20% (198)
Epoch 248/1000 - time 146.0s - loss 1.2883 - accuracy 0.5264     
ACC0 58.00%  ACC1 93.00%  ACC2 97.60%  Best 95.20% (198)
Epoch 249/1000 - time 146.3s - loss 1.2930 - accuracy 0.5214     
ACC0 64.80%  ACC1 93.00%  ACC2 97.80%  Best 95.20% (198)
Epoch 250/1000 - time 146.0s - loss 1.3064 - accuracy 0.5188     
ACC0 65.80%  ACC1 93.60%  ACC2 97.20%  Best 95.20% (198)
Epoch 251/1000 - time 146.1s - loss 1.3020 - accuracy 0.5217     
ACC0 69.40%  ACC1 94.00%  ACC2 97.60%  Best 95.20% (198)
Epoch 252/1000 - time 146.1s - loss 1.3014 - accuracy 0.5139     
ACC0 64.60%  ACC1 92.40%  ACC2 97.20%  Best 95.20% (198)
Epoch 253/1000 - time 146.0s - loss 1.2863 - accuracy 0.5293     
ACC0 63.20%  ACC1 93.80%  ACC2 97.20%  Best 95.20% (198)
Epoch 254/1000 - time 146.1s - loss 1.2902 - accuracy 0.5197     
ACC0 61.80%  ACC1 93.80%  ACC2 97.40%  Best 95.20% (198)
Epoch 255/1000 - time 146.1s - loss 1.2854 - accuracy 0.5237     
ACC0 60.00%  ACC1 92.80%  ACC2 97.00%  Best 95.20% (198)
Epoch 256/1000 - time 146.0s - loss 1.2811 - accuracy 0.5241     
ACC0 60.80%  ACC1 94.20%  ACC2 97.80%  Best 95.20% (198)
Epoch 257/1000 - time 146.1s - loss 1.2916 - accuracy 0.5173     
ACC0 59.80%  ACC1 94.40%  ACC2 98.00%  Best 95.20% (198)
Epoch 258/1000 - time 146.1s - loss 1.2625 - accuracy 0.5272     
ACC0 70.20%  ACC1 93.20%  ACC2 97.60%  Best 95.20% (198)
Epoch 259/1000 - time 146.1s - loss 1.2908 - accuracy 0.5201     
ACC0 69.40%  ACC1 94.80%  ACC2 97.60%  Best 95.20% (198)
Epoch 260/1000 - time 146.0s - loss 1.2720 - accuracy 0.5267     
ACC0 62.60%  ACC1 92.40%  ACC2 96.80%  Best 95.20% (198)
Epoch 261/1000 - time 146.0s - loss 1.2683 - accuracy 0.5284     
ACC0 70.00%  ACC1 93.40%  ACC2 96.60%  Best 95.20% (198)
Epoch 262/1000 - time 145.6s - loss 1.2825 - accuracy 0.5282     
ACC0 66.00%  ACC1 92.40%  ACC2 97.00%  Best 95.20% (198)
Epoch 263/1000 - time 145.6s - loss 1.2863 - accuracy 0.5264     
ACC0 62.20%  ACC1 93.20%  ACC2 97.60%  Best 95.20% (198)
Epoch 264/1000 - time 145.6s - loss 1.2524 - accuracy 0.5312     
ACC0 61.80%  ACC1 93.60%  ACC2 97.40%  Best 95.20% (198)
Epoch 265/1000 - time 145.7s - loss 1.2752 - accuracy 0.5297     
ACC0 55.40%  ACC1 94.60%  ACC2 97.60%  Best 95.20% (198)
Epoch 266/1000 - time 145.7s - loss 1.2693 - accuracy 0.5289     
ACC0 65.00%  ACC1 93.80%  ACC2 97.40%  Best 95.20% (198)
Epoch 267/1000 - time 145.6s - loss 1.2614 - accuracy 0.5274     
ACC0 65.60%  ACC1 93.40%  ACC2 97.20%  Best 95.20% (198)
Epoch 268/1000 - time 145.6s - loss 1.2696 - accuracy 0.5259     
ACC0 65.80%  ACC1 94.20%  ACC2 97.40%  Best 95.20% (198)
Epoch 269/1000 - time 145.6s - loss 1.2689 - accuracy 0.5334     
ACC0 67.80%  ACC1 93.00%  ACC2 97.00%  Best 95.20% (198)
Epoch 270/1000 - time 145.6s - loss 1.2711 - accuracy 0.5285     
ACC0 69.60%  ACC1 93.40%  ACC2 97.40%  Best 95.20% (198)
Epoch 271/1000 - time 145.6s - loss 1.2429 - accuracy 0.5344     
ACC0 58.20%  ACC1 93.40%  ACC2 97.20%  Best 95.20% (198)
Epoch 272/1000 - time 145.6s - loss 1.2640 - accuracy 0.5352     
ACC0 62.80%  ACC1 93.40%  ACC2 97.20%  Best 95.20% (198)
Epoch 273/1000 - time 145.8s - loss 1.2554 - accuracy 0.5344     
ACC0 59.00%  ACC1 92.20%  ACC2 97.20%  Best 95.20% (198)
Epoch 274/1000 - time 146.3s - loss 1.2546 - accuracy 0.5335     
ACC0 69.40%  ACC1 93.40%  ACC2 97.20%  Best 95.20% (198)
Epoch 275/1000 - time 146.2s - loss 1.2543 - accuracy 0.5297     
ACC0 62.80%  ACC1 92.60%  ACC2 97.60%  Best 95.20% (198)
Epoch 276/1000 - time 146.1s - loss 1.2415 - accuracy 0.5393     
ACC0 54.40%  ACC1 93.80%  ACC2 97.40%  Best 95.20% (198)
Epoch 277/1000 - time 146.1s - loss 1.2400 - accuracy 0.5437     
ACC0 64.60%  ACC1 94.20%  ACC2 97.80%  Best 95.20% (198)
Epoch 278/1000 - time 146.2s - loss 1.2506 - accuracy 0.5341     
ACC0 63.00%  ACC1 92.80%  ACC2 97.80%  Best 95.20% (198)
Epoch 279/1000 - time 146.0s - loss 1.2329 - accuracy 0.5391     
ACC0 54.20%  ACC1 92.00%  ACC2 97.40%  Best 95.20% (198)
Epoch 280/1000 - time 146.1s - loss 1.2477 - accuracy 0.5376     
ACC0 64.60%  ACC1 93.60%  ACC2 97.60%  Best 95.20% (198)
Epoch 281/1000 - time 146.2s - loss 1.2503 - accuracy 0.5314     
ACC0 64.40%  ACC1 93.80%  ACC2 97.20%  Best 95.20% (198)
Epoch 282/1000 - time 146.1s - loss 1.2460 - accuracy 0.5389     
ACC0 52.40%  ACC1 92.80%  ACC2 97.00%  Best 95.20% (198)
Epoch 283/1000 - time 146.1s - loss 1.2354 - accuracy 0.5434     
ACC0 63.00%  ACC1 93.20%  ACC2 97.80%  Best 95.20% (198)
Epoch 284/1000 - time 146.2s - loss 1.2189 - accuracy 0.5425     
ACC0 52.60%  ACC1 93.20%  ACC2 97.40%  Best 95.20% (198)
Epoch 285/1000 - time 146.2s - loss 1.2450 - accuracy 0.5401     
ACC0 66.80%  ACC1 93.00%  ACC2 97.00%  Best 95.20% (198)
Epoch 286/1000 - time 146.2s - loss 1.2200 - accuracy 0.5413     
ACC0 66.00%  ACC1 94.20%  ACC2 97.60%  Best 95.20% (198)
Epoch 287/1000 - time 146.0s - loss 1.2246 - accuracy 0.5412     
ACC0 56.80%  ACC1 93.20%  ACC2 97.80%  Best 95.20% (198)
Epoch 288/1000 - time 146.0s - loss 1.2445 - accuracy 0.5381     
ACC0 56.40%  ACC1 92.80%  ACC2 97.20%  Best 95.20% (198)
Epoch 289/1000 - time 146.2s - loss 1.2298 - accuracy 0.5384     
ACC0 66.60%  ACC1 92.80%  ACC2 97.20%  Best 95.20% (198)
Epoch 290/1000 - time 146.1s - loss 1.2217 - accuracy 0.5477     
ACC0 59.00%  ACC1 91.80%  ACC2 97.20%  Best 95.20% (198)
Epoch 291/1000 - time 146.1s - loss 1.2465 - accuracy 0.5318     
ACC0 64.80%  ACC1 94.20%  ACC2 97.20%  Best 95.20% (198)
Epoch 292/1000 - time 146.1s - loss 1.2164 - accuracy 0.5460     
ACC0 63.60%  ACC1 93.00%  ACC2 97.60%  Best 95.20% (198)
Epoch 293/1000 - time 146.2s - loss 1.2288 - accuracy 0.5432     
ACC0 62.00%  ACC1 94.00%  ACC2 97.20%  Best 95.20% (198)
Epoch 294/1000 - time 145.6s - loss 1.2189 - accuracy 0.5429     
ACC0 62.60%  ACC1 92.60%  ACC2 97.20%  Best 95.20% (198)
Epoch 295/1000 - time 145.6s - loss 1.2245 - accuracy 0.5475     
ACC0 60.60%  ACC1 93.00%  ACC2 97.60%  Best 95.20% (198)
Epoch 296/1000 - time 145.7s - loss 1.2161 - accuracy 0.5441     
ACC0 70.00%  ACC1 93.20%  ACC2 96.80%  Best 95.20% (198)
Epoch 297/1000 - time 145.7s - loss 1.2214 - accuracy 0.5486     
ACC0 57.20%  ACC1 93.20%  ACC2 97.20%  Best 95.20% (198)
Epoch 298/1000 - time 145.6s - loss 1.2268 - accuracy 0.5418     
ACC0 56.40%  ACC1 93.20%  ACC2 97.40%  Best 95.20% (198)
Epoch 299/1000 - time 145.8s - loss 1.2225 - accuracy 0.5456     
ACC0 62.40%  ACC1 93.60%  ACC2 97.20%  Best 95.20% (198)
Epoch 300/1000 - time 145.6s - loss 1.2257 - accuracy 0.5372     
ACC0 64.80%  ACC1 91.80%  ACC2 97.00%  Best 95.20% (198)
Reach patience.
